<?xml version="1.0" encoding="UTF-8"?>
<!-- Generated by org.testng.reporters.JUnitReportReporter -->
<testsuite hostname="LAPTOP-38D869DN" failures="0" tests="1" name="testproj.testcases.TC001_LoginTest" time="1.723" errors="0" timestamp="2023-02-15T14:53:52 EST" skipped="0">
  <testcase classname="testproj.testcases.TC001_LoginTest" name="loginTest" time="1.723"/>
  <system-out/>
</testsuite> <!-- testproj.testcases.TC001_LoginTest -->
