<?xml version="1.0" encoding="UTF-8"?>
<!-- Generated by org.testng.reporters.JUnitReportReporter -->
<testsuite hostname="LAPTOP-38D869DN" failures="0" tests="1" name="testproj.testcases.TC001_LoginTest" time="2.733" errors="0" timestamp="2023-02-14T18:29:15 GMT-05:00" skipped="0">
  <testcase classname="testproj.testcases.TC001_LoginTest" name="loginTest" time="2.733"/>
  <system-out/>
</testsuite> <!-- testproj.testcases.TC001_LoginTest -->
